TOOL:	xrun	21.03-s009: Started on Nov 17, 2022 at 17:55:31 CET
xrun
	-compile
	-l xrun_compile.log
	-F ../tb/tb.f
		-F ../tb/../../rtl/rtl_lab03.f
			vdic_dut_2022_1_2.sv
		alu_pkg.sv
		alu_bfm.sv
		tester.sv
		scoreboard.sv
		coverage.sv
		top.sv
	-v93
	+nowarnDSEM2009
	+nowarnDSEMEL
	+nowarnCGDEFN
	+nowarnCOVUTA
	+nowarnBADPRF
	+nowarnXCLGNOPTM
	+nowarnRNDXCELON
	+nowarnSAWSTP
	-xmlibdirname INCA_libs_gui
	+access+r
	+gui
	+overwrite
	-nocopyright
	-coverage all
	-covoverwrite
	-covfile xrun_covfile.txt
file: ../tb/../../rtl/vdic_dut_2022_1_2.sv
	module worklib.vdic_dut_2022:sv
		errors: 0, warnings: 0
	module worklib.CDN_flop:sv
		errors: 0, warnings: 0
file: ../tb/alu_pkg.sv
	package worklib.alu_pkg:sv
		errors: 0, warnings: 0
file: ../tb/alu_bfm.sv
	interface worklib.alu_bfm:sv
		errors: 0, warnings: 0
file: ../tb/tester.sv
	module worklib.tester:sv
		errors: 0, warnings: 0
file: ../tb/scoreboard.sv
	module worklib.scoreboard:sv
		errors: 0, warnings: 0
file: ../tb/coverage.sv
	module worklib.coverage:sv
		errors: 0, warnings: 0
file: ../tb/top.sv
	module worklib.top:sv
		errors: 0, warnings: 0
TOOL:	xrun	21.03-s009: Exiting on Nov 17, 2022 at 17:55:32 CET  (total: 00:00:01)
