TOOL:	xrun	21.03-s009: Started on Nov 17, 2022 at 17:55:32 CET
xrun
	-elaborate
	-l xrun_elaborate.log
	-F ../tb/tb.f
		-F ../tb/../../rtl/rtl_lab03.f
			vdic_dut_2022_1_2.sv
		alu_pkg.sv
		alu_bfm.sv
		tester.sv
		scoreboard.sv
		coverage.sv
		top.sv
	-v93
	+nowarnDSEM2009
	+nowarnDSEMEL
	+nowarnCGDEFN
	+nowarnCOVUTA
	+nowarnBADPRF
	+nowarnXCLGNOPTM
	+nowarnRNDXCELON
	+nowarnSAWSTP
	-xmlibdirname INCA_libs_gui
	+access+r
	+gui
	+overwrite
	-nocopyright
	-coverage all
	-covoverwrite
	-covfile xrun_covfile.txt
		Caching library 'worklib' ....... Done
	Elaborating the design hierarchy:
	Top level design units:
		alu_pkg
		top
	bfm.inputWords.reverse();
	                     |
xmelab: *W,FUNTSK (../tb/scoreboard.sv,130|22): function called as a task without void'().

	Extracting FSMs for coverage:
		worklib.tester
		worklib.scoreboard
		worklib.coverage
		worklib.CDN_flop
		worklib.vdic_dut_2022
		worklib.top
	Total FSMs extracted = 0
	Building instance overlay tables: .................... Done
	Enabling instrumentation for coverage types: block expression FSM toggle functional
	Generating native compiled code:
		worklib.CDN_flop:sv <0x11193299>
			streams:   4, words:  2007
		worklib.vdic_dut_2022:sv <0x00e99299>
			streams:   0, words:     0
		worklib.coverage:sv <0x6ea70ff9>
			streams:   7, words: 10959
		worklib.scoreboard:sv <0x686a53ed>
			streams:  11, words: 31652
		worklib.tester:sv <0x0addade7>
			streams:   7, words: 34479
		worklib.top:sv <0x68242604>
			streams:   6, words:  1345
		worklib.alu_bfm:sv <0x3005ad2c>
			streams:   5, words:  8336
	Building instance specific data structures.
	Performing constant object marking (COM) analysis.
	Loading native compiled code:     .................... Done
	Design hierarchy summary:
		                  Instances  Unique
		Modules:                312       6
		Interfaces:               1       1
		Verilog packages:         1       1
		Primitives:            4224       4
		Registers:              383      76
		Scalar wires:          1825       -
		Always blocks:          307       1
		Initial blocks:         311       5
		Final blocks:             1       1
		Parallel blocks:          1       1
		Cont. assignments:      307       1
		Pseudo assignments:       6       6
		Assertions:               1       1
		Covergroup Instances:     0       2
	Writing initial simulation snapshot: worklib.top:sv
TOOL:	xrun	21.03-s009: Exiting on Nov 17, 2022 at 17:55:32 CET  (total: 00:00:00)
